0 info it worked if it ends with ok
1 verbose cli [ 'C:\\Program Files\\nodejs\\node.exe',
1 verbose cli   'C:\\Users\\krishnaveni.vattem\\AppData\\Roaming\\npm\\node_modules\\npm\\bin\\npm-cli.js',
1 verbose cli   'run',
1 verbose cli   'start' ]
2 info using npm@3.10.10
3 info using node@v8.11.3
4 verbose run-script [ 'prestart', 'start', 'poststart' ]
5 info lifecycle socialfeed@1.0.0~prestart: socialfeed@1.0.0
6 silly lifecycle socialfeed@1.0.0~prestart: no script for prestart, continuing
7 info lifecycle socialfeed@1.0.0~start: socialfeed@1.0.0
8 verbose lifecycle socialfeed@1.0.0~start: unsafe-perm in lifecycle true
9 verbose lifecycle socialfeed@1.0.0~start: PATH: C:\Users\krishnaveni.vattem\AppData\Roaming\npm\node_modules\npm\bin\node-gyp-bin;C:\xampp\htdocs\popup_react\node_modules\.bin;C:\Program Files (x86)\Common Files\Oracle\Java\javapath;C:\ProgramData\Oracle\Java\javapath;C:\WINDOWS\system32;C:\WINDOWS;C:\WINDOWS\System32\Wbem;C:\WINDOWS\System32\WindowsPowerShell\v1.0\;C:\Program Files (x86)\Skype\Phone\;C:\WINDOWS\System32\OpenSSH\;C:\Program Files\Git\cmd;C:\Program Files\nodejs\;C:\Users\krishnaveni.vattem\AppData\Local\Microsoft\WindowsApps;C:\Users\krishnaveni.vattem\AppData\Roaming\npm;C:\xampp\php;C:\Users\krishnaveni.vattem\AppData\Local\ComposerSetup\bin;C:\Users\krishnaveni.vattem\AppData\Roaming\Composer\vendor\bin;C:\Users\krishnaveni.vattem\AppData\Local\GitHubDesktop\bin;C:\Users\krishnaveni.vattem\AppData\Local\Programs\Microsoft VS Code\bin
10 verbose lifecycle socialfeed@1.0.0~start: CWD: C:\xampp\htdocs\popup_react
11 silly lifecycle socialfeed@1.0.0~start: Args: [ '/d /s /c',
11 silly lifecycle   'webpack-dev-server --mode development --open --hot' ]
12 silly lifecycle socialfeed@1.0.0~start: Returned: code: 3221225786  signal: null
13 info lifecycle socialfeed@1.0.0~start: Failed to exec start script
14 verbose stack Error: socialfeed@1.0.0 start: `webpack-dev-server --mode development --open --hot`
14 verbose stack Exit status 3221225786
14 verbose stack     at EventEmitter.<anonymous> (C:\Users\krishnaveni.vattem\AppData\Roaming\npm\node_modules\npm\lib\utils\lifecycle.js:255:16)
14 verbose stack     at emitTwo (events.js:126:13)
14 verbose stack     at EventEmitter.emit (events.js:214:7)
14 verbose stack     at ChildProcess.<anonymous> (C:\Users\krishnaveni.vattem\AppData\Roaming\npm\node_modules\npm\lib\utils\spawn.js:40:14)
14 verbose stack     at emitTwo (events.js:126:13)
14 verbose stack     at ChildProcess.emit (events.js:214:7)
14 verbose stack     at maybeClose (internal/child_process.js:925:16)
14 verbose stack     at Process.ChildProcess._handle.onexit (internal/child_process.js:209:5)
15 verbose pkgid socialfeed@1.0.0
16 verbose cwd C:\xampp\htdocs\popup_react
17 error Windows_NT 10.0.17134
18 error argv "C:\\Program Files\\nodejs\\node.exe" "C:\\Users\\krishnaveni.vattem\\AppData\\Roaming\\npm\\node_modules\\npm\\bin\\npm-cli.js" "run" "start"
19 error node v8.11.3
20 error npm  v3.10.10
21 error code ELIFECYCLE
22 error socialfeed@1.0.0 start: `webpack-dev-server --mode development --open --hot`
22 error Exit status 3221225786
23 error Failed at the socialfeed@1.0.0 start script 'webpack-dev-server --mode development --open --hot'.
23 error Make sure you have the latest version of node.js and npm installed.
23 error If you do, this is most likely a problem with the socialfeed package,
23 error not with npm itself.
23 error Tell the author that this fails on your system:
23 error     webpack-dev-server --mode development --open --hot
23 error You can get information on how to open an issue for this project with:
23 error     npm bugs socialfeed
23 error Or if that isn't available, you can get their info via:
23 error     npm owner ls socialfeed
23 error There is likely additional logging output above.
24 verbose exit [ 1, true ]
